------------------------------------------------------------------------------------------------------------------------

[2015-01-13 15:00:28 #1 store] 
Database '/Users/pengmu/Project/Code/SelfCreatedTool/data_analyser/release/stock.odb' is opened by 11519@peng-mus-MacBook-Pro-2.local

[2015-01-13 15:00:28 #2 type] 
Type com.mu.stock.entity.Company is not enhanced.

[2015-01-13 15:00:28 #3 type] 
Type com.mu.stock.entity.RealtimeDataLog is not enhanced.

[2015-01-13 15:00:28 #4 type] 
Type com.mu.stock.entity.DailyPriceLog is not enhanced.

[2015-01-13 15:00:28 #5 type] 
Type com.mu.stock.entity.Account is not enhanced.

[2015-01-13 15:00:28 #6 type] 
Type com.mu.stock.entity.TxnLog is not enhanced.

[2015-01-13 15:00:28 #7 type] 
Type com.mu.stock.entity.AccountLog is not enhanced.

------------------------------------------------------------------------------------------------------------------------

[2015-01-13 15:13:57 #1 store] 
Database '/Users/pengmu/Project/Code/SelfCreatedTool/data_analyser/release/stock.odb' is opened by 11889@peng-mus-MacBook-Pro-2.local

[2015-01-13 15:13:57 #2 type] 
Type com.mu.stock.entity.Company is not enhanced.

[2015-01-13 15:13:57 #3 type] 
Type com.mu.stock.entity.RealtimeDataLog is not enhanced.

[2015-01-13 15:13:57 #4 type] 
Type com.mu.stock.entity.DailyPriceLog is not enhanced.

[2015-01-13 15:13:57 #5 type] 
Type com.mu.stock.entity.Account is not enhanced.

[2015-01-13 15:13:57 #6 type] 
Type com.mu.stock.entity.TxnLog is not enhanced.

[2015-01-13 15:13:57 #7 type] 
Type com.mu.stock.entity.AccountLog is not enhanced.

