#
# A fatal error has been detected by the Java Runtime Environment:
#
#  EXCEPTION_ACCESS_VIOLATION (0xc0000005) at pc=0x6d166ad0, pid=1196, tid=1748
#
# JRE version: 6.0_21-b07
# Java VM: Java HotSpot(TM) Client VM (17.0-b17 mixed mode, sharing windows-x86 )
# Problematic frame:
# C  [awt.dll+0xb6ad0]
#
# If you would like to submit a bug report, please visit:
#   http://java.sun.com/webapps/bugreport/crash.jsp
# The crash happened outside the Java Virtual Machine in native code.
# See problematic frame for where to report the bug.
#

---------------  T H R E A D  ---------------

Current thread (0x02fdb400):  JavaThread "AWT-Windows" daemon [_thread_in_native, id=1748, stack(0x03290000,0x032e0000)]

siginfo: ExceptionCode=0xc0000005, reading address 0x00000000

Registers:
EAX=0x032df574, EBX=0x0305d008, ECX=0x000002d0, EDX=0x000000c0
ESP=0x032df55c, EBP=0x032df708, ESI=0x00000000, EDI=0x000000c0
EIP=0x6d166ad0, EFLAGS=0x00010206

Top of Stack: (sp=0x032df55c)
0x032df55c:   032df574 00001000 00000500 03038fb0
0x032df56c:   00000015 00000001 00000500 6d15ecfb
0x032df57c:   00000000 0308b584 00000000 03038fb0
0x032df58c:   032df574 032df708 000002ef 00000500
0x032df59c:   03038fb0 6d1626bf 44a00000 443bc000
0x032df5ac:   00000500 000002ef 0308b570 6d163181
0x032df5bc:   6d16361d 00000000 00000000 00000500
0x032df5cc:   00000015 00009824 02fdb518 00000001 

Instructions: (pc=0x6d166ad0)
0x6d166ac0:   05 00 20 00 00 50 c1 e2 05 8d 44 24 14 50 8b fa
0x6d166ad0:   8b 16 57 c1 e1 05 51 56 ff 52 2c 85 c0 0f 8c 93 


Stack: [0x03290000,0x032e0000],  sp=0x032df55c,  free space=13d032df090k
Native frames: (J=compiled Java code, j=interpreted, Vv=VM code, C=native code)
C  [awt.dll+0xb6ad0]
C  [awt.dll+0x9c6dc]
C  [USER32.dll+0x8734]
C  [USER32.dll+0x8816]
C  [USER32.dll+0x18ea0]
C  [USER32.dll+0x18eec]
C  [ntdll.dll+0xe473]
C  [USER32.dll+0x9402]

Java frames: (J=compiled Java code, j=interpreted, Vv=VM code)
j  sun.awt.windows.WToolkit.eventLoop()V+0
j  sun.awt.windows.WToolkit.run()V+52
j  java.lang.Thread.run()V+11
v  ~StubRoutines::call_stub

---------------  P R O C E S S  ---------------

Java Threads: ( => current thread )
  0x03773800 JavaThread "TimerQueue" daemon [_thread_blocked, id=4864, stack(0x03ed0000,0x03f20000)]
  0x03790800 JavaThread "D3D Screen Updater" daemon [_thread_blocked, id=5044, stack(0x03d70000,0x03dc0000)]
  0x03672400 JavaThread "Timer-0" daemon [_thread_blocked, id=3392, stack(0x03c00000,0x03c50000)]
  0x03054800 JavaThread "DataAnalyserScheduler_QuartzSchedulerThread" [_thread_blocked, id=2500, stack(0x03bb0000,0x03c00000)]
  0x03670400 JavaThread "DataAnalyserScheduler_Worker-3" [_thread_blocked, id=6032, stack(0x03b10000,0x03b60000)]
  0x03675400 JavaThread "DataAnalyserScheduler_Worker-2" [_thread_blocked, id=5608, stack(0x03ac0000,0x03b10000)]
  0x03075800 JavaThread "DataAnalyserScheduler_Worker-1" [_thread_blocked, id=4972, stack(0x03a70000,0x03ac0000)]
  0x0306a400 JavaThread "ODB-FileWriter" daemon [_thread_blocked, id=2928, stack(0x035a0000,0x035f0000)]
  0x00317000 JavaThread "DestroyJavaVM" [_thread_blocked, id=5516, stack(0x008e0000,0x00930000)]
  0x02fdcc00 JavaThread "AWT-EventQueue-0" [_thread_in_native, id=5920, stack(0x03330000,0x03380000)]
=>0x02fdb400 JavaThread "AWT-Windows" daemon [_thread_in_native, id=1748, stack(0x03290000,0x032e0000)]
  0x02fda000 JavaThread "AWT-Shutdown" [_thread_blocked, id=2736, stack(0x03240000,0x03290000)]
  0x02fd0000 JavaThread "Java2D Disposer" daemon [_thread_blocked, id=5952, stack(0x031f0000,0x03240000)]
  0x02c78000 JavaThread "Low Memory Detector" daemon [_thread_blocked, id=4920, stack(0x02ef0000,0x02f40000)]
  0x02c74c00 JavaThread "CompilerThread0" daemon [_thread_blocked, id=5316, stack(0x02ea0000,0x02ef0000)]
  0x02c73400 JavaThread "Attach Listener" daemon [_thread_blocked, id=2556, stack(0x02e50000,0x02ea0000)]
  0x02c72000 JavaThread "Signal Dispatcher" daemon [_thread_blocked, id=1136, stack(0x02e00000,0x02e50000)]
  0x02c2d400 JavaThread "Finalizer" daemon [_thread_blocked, id=2792, stack(0x02db0000,0x02e00000)]
  0x02c2bc00 JavaThread "Reference Handler" daemon [_thread_blocked, id=4608, stack(0x02d60000,0x02db0000)]

Other Threads:
  0x02c2a400 VMThread [stack: 0x02d10000,0x02d60000] [id=3080]
  0x02c7a000 WatcherThread [stack: 0x02f40000,0x02f90000] [id=2672]

VM state:not at safepoint (normal execution)

VM Mutex/Monitor currently owned by a thread: None

Heap
 def new generation   total 49472K, used 44848K [0x129a0000, 0x15f40000, 0x1d440000)
  eden space 44032K,  96% used [0x129a0000, 0x15320820, 0x154a0000)
  from space 5440K,  43% used [0x159f0000, 0x15c3bb08, 0x15f40000)
  to   space 5440K,   0% used [0x154a0000, 0x154a0000, 0x159f0000)
 tenured generation   total 109660K, used 77838K [0x1d440000, 0x23f57000, 0x329a0000)
   the space 109660K,  70% used [0x1d440000, 0x22043a08, 0x22043c00, 0x23f57000)
 compacting perm gen  total 12288K, used 10171K [0x329a0000, 0x335a0000, 0x369a0000)
   the space 12288K,  82% used [0x329a0000, 0x3338ec48, 0x3338ee00, 0x335a0000)
    ro space 10240K,  54% used [0x369a0000, 0x36f1c0f0, 0x36f1c200, 0x373a0000)
    rw space 12288K,  55% used [0x373a0000, 0x37a3fb80, 0x37a3fc00, 0x37fa0000)

Dynamic libraries:
0x00400000 - 0x00424000 	C:\Program Files\Java\jdk1.6.0_21\bin\java.exe
0x7c900000 - 0x7c9b2000 	C:\WINDOWS\system32\ntdll.dll
0x7c800000 - 0x7c8f6000 	C:\WINDOWS\system32\kernel32.dll
0x77dd0000 - 0x77e6b000 	C:\WINDOWS\system32\ADVAPI32.dll
0x77e70000 - 0x77f02000 	C:\WINDOWS\system32\RPCRT4.dll
0x77fe0000 - 0x77ff1000 	C:\WINDOWS\system32\Secur32.dll
0x7c340000 - 0x7c396000 	C:\Program Files\Java\jdk1.6.0_21\jre\bin\msvcr71.dll
0x6d8b0000 - 0x6db57000 	C:\Program Files\Java\jdk1.6.0_21\jre\bin\client\jvm.dll
0x7e410000 - 0x7e4a1000 	C:\WINDOWS\system32\USER32.dll
0x77f10000 - 0x77f59000 	C:\WINDOWS\system32\GDI32.dll
0x76b40000 - 0x76b6d000 	C:\WINDOWS\system32\WINMM.dll
0x76390000 - 0x763ad000 	C:\WINDOWS\system32\IMM32.DLL
0x629c0000 - 0x629c9000 	C:\WINDOWS\system32\LPK.DLL
0x74d90000 - 0x74dfb000 	C:\WINDOWS\system32\USP10.dll
0x6d860000 - 0x6d86c000 	C:\Program Files\Java\jdk1.6.0_21\jre\bin\verify.dll
0x6d3e0000 - 0x6d3ff000 	C:\Program Files\Java\jdk1.6.0_21\jre\bin\java.dll
0x6d340000 - 0x6d348000 	C:\Program Files\Java\jdk1.6.0_21\jre\bin\hpi.dll
0x76bf0000 - 0x76bfb000 	C:\WINDOWS\system32\PSAPI.DLL
0x6d8a0000 - 0x6d8af000 	C:\Program Files\Java\jdk1.6.0_21\jre\bin\zip.dll
0x6d0b0000 - 0x6d1fa000 	C:\Program Files\Java\jdk1.6.0_21\jre\bin\awt.dll
0x73000000 - 0x73026000 	C:\WINDOWS\system32\WINSPOOL.DRV
0x77c10000 - 0x77c68000 	C:\WINDOWS\system32\msvcrt.dll
0x774e0000 - 0x7761d000 	C:\WINDOWS\system32\ole32.dll
0x773d0000 - 0x774d3000 	C:\WINDOWS\WinSxS\x86_Microsoft.Windows.Common-Controls_6595b64144ccf1df_6.0.2600.6028_x-ww_61e65202\COMCTL32.dll
0x77f60000 - 0x77fd6000 	C:\WINDOWS\system32\SHLWAPI.dll
0x74720000 - 0x7476c000 	C:\WINDOWS\system32\MSCTF.dll
0x77b40000 - 0x77b62000 	C:\WINDOWS\system32\apphelp.dll
0x755c0000 - 0x755ee000 	C:\WINDOWS\system32\msctfime.ime
0x7c9c0000 - 0x7d1d7000 	C:\WINDOWS\system32\shell32.dll
0x6d2e0000 - 0x6d334000 	C:\Program Files\Java\jdk1.6.0_21\jre\bin\fontmanager.dll
0x6d6c0000 - 0x6d6d3000 	C:\Program Files\Java\jdk1.6.0_21\jre\bin\net.dll
0x71ab0000 - 0x71ac7000 	C:\WINDOWS\system32\WS2_32.dll
0x71aa0000 - 0x71aa8000 	C:\WINDOWS\system32\WS2HELP.dll
0x6d6e0000 - 0x6d6e9000 	C:\Program Files\Java\jdk1.6.0_21\jre\bin\nio.dll
0x4fdd0000 - 0x4ff76000 	C:\WINDOWS\system32\d3d9.dll
0x033c0000 - 0x033c6000 	C:\WINDOWS\system32\d3d8thk.dll
0x77c00000 - 0x77c08000 	C:\WINDOWS\system32\VERSION.dll
0x6d610000 - 0x6d619000 	C:\Program Files\Java\jdk1.6.0_21\jre\bin\management.dll
0x71a50000 - 0x71a8f000 	C:\WINDOWS\System32\mswsock.dll
0x76f20000 - 0x76f47000 	C:\WINDOWS\system32\DNSAPI.dll
0x76fb0000 - 0x76fb8000 	C:\WINDOWS\System32\winrnr.dll
0x76f60000 - 0x76f8c000 	C:\WINDOWS\system32\WLDAP32.dll
0x751d0000 - 0x751ee000 	C:\WINDOWS\system32\wshbth.dll
0x77920000 - 0x77a13000 	C:\WINDOWS\system32\SETUPAPI.dll
0x64000000 - 0x64025000 	C:\Program Files\Bonjour\mdnsNSP.dll
0x76d60000 - 0x76d79000 	C:\WINDOWS\system32\Iphlpapi.dll
0x76fc0000 - 0x76fc6000 	C:\WINDOWS\system32\rasadhlp.dll
0x662b0000 - 0x66308000 	C:\WINDOWS\system32\hnetcfg.dll
0x71a90000 - 0x71a98000 	C:\WINDOWS\System32\wshtcpip.dll
0x6d250000 - 0x6d273000 	C:\Program Files\Java\jdk1.6.0_21\jre\bin\dcpr.dll

VM Arguments:
jvm_args: -Dfile.encoding=UTF-8 -Xmx512m 
java_command: com.mu.stock.ui.DataAnalyserApp
Launcher Type: SUN_STANDARD

Environment Variables:
JAVA_HOME=C:\Program Files\Java\jdk1.6.0_21
CLASSPATH=.;C:\Program Files\Java\jre6\lib\ext\QTJava.zip
PATH=C:\WINDOWS\system32;C:\WINDOWS;C:\WINDOWS\System32\Wbem;C:\Program Files\TortoiseHg\;C:\Program Files\Java\jdk1.6.0_21\bin;C:\Program Files\QuickTime\QTSystem\;C:\Program Files\Handbrake
USERNAME=peng mu
OS=Windows_NT
PROCESSOR_IDENTIFIER=x86 Family 6 Model 23 Stepping 10, GenuineIntel



---------------  S Y S T E M  ---------------

OS: Windows XP Build 2600 Service Pack 3

CPU:total 2 (2 cores per cpu, 1 threads per core) family 6 model 23 stepping 10, cmov, cx8, fxsr, mmx, sse, sse2, sse3, ssse3, sse4.1

Memory: 4k page, physical 2873960k(789152k free), swap 4884228k(1489964k free)

vm_info: Java HotSpot(TM) Client VM (17.0-b17) for windows-x86 JRE (1.6.0_21-b07), built on Jul 17 2010 01:10:15 by "java_re" with MS VC++ 7.1 (VS2003)

time: Thu Aug 25 17:35:32 2011
elapsed time: 10950 seconds

